Object = getkey
  IsisVersion       = "8.2.0  | 2024-08-17"
  ProgramVersion    = 2022-11-23
  ProgramPath       = /Users/maye/miniforge3/envs/isis/bin
  ExecutionDateTime = 2025-12-08T22:29:04
  HostName          = Unknown
  UserName          = Unknown
  Description       = "Outputs the value of a requested keyword"

  Group = UserParameters
    FROM      = /Users/maye/planetarypy_data/missions/mro/ctx/mrox_2682/J05_0-
                46771_1950_XN_15N254W/J05_046771_1950_XN_15N254W.cub
    GRPNAME   = Kernels
    KEYWORD   = LeapSecond
    UPPER     = False
    RECURSIVE = False
  End_Group

  Group = Error
    Program = getkey
    Code    = 1
    Message = "PVL Keyword [LeapSecond] does not exist in [Group = Kernels]"
    File    = PvlContainer.cpp
    Line    = 68
  End_Group
End_Object


